<?xml version="1.0" encoding="UTF-8"?>
<!-- Generated by org.testng.reporters.JUnitReportReporter -->
<testsuite hostname="SwathiAnand" failures="0" tests="1" name="cucumber.TesNGTestRunner" time="19.063" errors="0" timestamp="2025-04-16T18:04:05 IST" skipped="0">
  <testcase classname="cucumber.TesNGTestRunner" name="runScenario" time="19.063"/>
</testsuite> <!-- cucumber.TesNGTestRunner -->
