<?xml version="1.0" encoding="UTF-8"?>
<!-- Generated by org.testng.reporters.JUnitReportReporter -->
<testsuite hostname="SwathiAnand" failures="0" tests="2" name="RSA.tests.ErrorValidationsTest" time="25.244" errors="0" timestamp="2025-04-14T19:05:23 IST" skipped="0">
  <testcase classname="RSA.tests.ErrorValidationsTest" name="LoginErrorValidation" time="4.370"/>
  <testcase classname="RSA.tests.ErrorValidationsTest" name="ProductErrorValidation" time="20.874"/>
</testsuite> <!-- RSA.tests.ErrorValidationsTest -->
