<?xml version="1.0" encoding="UTF-8"?>
<!-- Generated by org.testng.reporters.JUnitReportReporter -->
<testsuite hostname="SwathiAnand" failures="0" tests="1" name="RSA.tests.ErrorValidations" time="4.683" errors="0" timestamp="2025-04-03T18:46:23 IST" skipped="0">
  <testcase classname="RSA.tests.ErrorValidations" name="SubmitOrder" time="4.683"/>
</testsuite> <!-- RSA.tests.ErrorValidations -->
