<?xml version="1.0" encoding="UTF-8"?>
<!-- Generated by org.testng.reporters.JUnitReportReporter -->
<testsuite hostname="SwathiAnand" failures="0" tests="3" name="RSA.tests.SubmitOrderTest" time="46.144" errors="0" timestamp="2025-04-14T19:05:22 IST" skipped="0">
  <testcase classname="RSA.tests.SubmitOrderTest" name="OrderHistoryTest" time="6.943"/>
  <testcase classname="RSA.tests.SubmitOrderTest" name="submitOrder" time="19.540"/>
  <testcase classname="RSA.tests.SubmitOrderTest" name="submitOrder" time="19.661"/>
</testsuite> <!-- RSA.tests.SubmitOrderTest -->
