<?xml version="1.0" encoding="UTF-8"?>
<!-- Generated by org.testng.reporters.JUnitReportReporter -->
<testsuite hostname="SwathiAnand" failures="0" tests="3" name="RSA.tests.SubmitOrderTest" time="50.855" errors="0" timestamp="2025-04-16T19:56:15 IST" skipped="0">
  <testcase classname="RSA.tests.SubmitOrderTest" name="submitOrder" time="24.179"/>
  <testcase classname="RSA.tests.SubmitOrderTest" name="OrderHistoryTest" time="5.753"/>
  <testcase classname="RSA.tests.SubmitOrderTest" name="submitOrder" time="20.923"/>
</testsuite> <!-- RSA.tests.SubmitOrderTest -->
