<?xml version="1.0" encoding="UTF-8"?>
<!-- Generated by org.testng.reporters.JUnitReportReporter -->
<testsuite hostname="SwathiAnand" failures="0" tests="1" name="RSA.tests.ErrorValidationsTest" time="7.355" errors="0" timestamp="2025-04-16T20:11:07 IST" skipped="0">
  <testcase classname="RSA.tests.ErrorValidationsTest" name="LoginErrorValidation" time="7.355"/>
</testsuite> <!-- RSA.tests.ErrorValidationsTest -->
